<?xml version="1.0" encoding="UTF-8"?>
<!-- Generated by org.testng.reporters.JUnitReportReporter -->
<testsuite hostname="DESKTOP-GAT32D1" failures="0" tests="1" name="com.simpleannotations.AssertDemo" time="0.017" errors="0" timestamp="2025-09-13T22:25:43 IST" skipped="0">
  <testcase classname="com.simpleannotations.AssertDemo" name="softAssertDemo" time="0.017"/>
</testsuite> <!-- com.simpleannotations.AssertDemo -->
