<?xml version="1.0" encoding="UTF-8"?>
<!-- Generated by org.testng.reporters.JUnitReportReporter -->
<testsuite hostname="DESKTOP-GAT32D1" failures="0" tests="3" name="com.simpleannotations.Dependancy" time="0.016" errors="0" timestamp="2025-09-13T22:38:46 IST" skipped="0">
  <testcase classname="com.simpleannotations.Dependancy" name="login" time="0.011"/>
  <testcase classname="com.simpleannotations.Dependancy" name="search" time="0.003"/>
  <testcase classname="com.simpleannotations.Dependancy" name="payment" time="0.002"/>
</testsuite> <!-- com.simpleannotations.Dependancy -->
