<?xml version="1.0" encoding="UTF-8"?>
<!-- Generated by org.testng.reporters.JUnitReportReporter -->
<testsuite hostname="DESKTOP-GAT32D1" failures="0" tests="6" name="com.simpleannotations.Grouping" time="0.028" errors="0" timestamp="2025-09-13T22:33:03 IST" skipped="0">
  <testcase classname="com.simpleannotations.Grouping" name="tamil" time="0.001"/>
  <testcase classname="com.simpleannotations.Grouping" name="english" time="0.010"/>
  <testcase classname="com.simpleannotations.Grouping" name="malayalam" time="0.002"/>
  <testcase classname="com.simpleannotations.Grouping" name="be" time="0.001"/>
  <testcase classname="com.simpleannotations.Grouping" name="bcom" time="0.013"/>
  <testcase classname="com.simpleannotations.Grouping" name="bsc" time="0.001"/>
</testsuite> <!-- com.simpleannotations.Grouping -->
