<?xml version="1.0" encoding="UTF-8"?>
<!-- Generated by org.testng.reporters.JUnitReportReporter -->
<testsuite hostname="DESKTOP-GAT32D1" failures="0" tests="5" name="com.simpleannotations.Priority" time="0.014" errors="0" timestamp="2025-09-13T21:28:36 IST" skipped="0">
  <testcase classname="com.simpleannotations.Priority" name="login" time="0.010"/>
  <testcase classname="com.simpleannotations.Priority" name="search" time="0.001"/>
  <testcase classname="com.simpleannotations.Priority" name="addToCart" time="0.001"/>
  <testcase classname="com.simpleannotations.Priority" name="payment" time="0.001"/>
  <testcase classname="com.simpleannotations.Priority" name="logout" time="0.001"/>
</testsuite> <!-- com.simpleannotations.Priority -->
