<?xml version="1.0" encoding="UTF-8"?>
<!-- Generated by org.testng.reporters.JUnitReportReporter -->
<testsuite hostname="DESKTOP-GAT32D1" failures="0" tests="3" name="com.simpleannotations.ExpectedException" time="0.021" errors="0" timestamp="2025-09-13T22:39:38 IST" skipped="0">
  <testcase classname="com.simpleannotations.ExpectedException" name="method1" time="0.018"/>
  <testcase classname="com.simpleannotations.ExpectedException" name="method3" time="0.001"/>
  <testcase classname="com.simpleannotations.ExpectedException" name="method2" time="0.002"/>
</testsuite> <!-- com.simpleannotations.ExpectedException -->
